  triangle.c
C:\Users\myronovm\Documents\GitHub\sketch_laplacian\Commute_Fmap_basic_demo_for_sketches\triangle\triangle.c(222,1): warning C4005: 'NO_TIMER': macro redefinition
C:\Users\myronovm\Documents\GitHub\sketch_laplacian\Commute_Fmap_basic_demo_for_sketches\triangle\triangle.c : message : see previous definition of 'NO_TIMER'
C:\Users\myronovm\Documents\GitHub\sketch_laplacian\Commute_Fmap_basic_demo_for_sketches\triangle\triangle.c(3492,7): warning C4996: 'strncpy': This function or variable may be unsafe. Consider using strncpy_s instead. To disable deprecation, use _CRT_SECURE_NO_WARNINGS. See online help for details.
C:\Users\myronovm\Documents\GitHub\sketch_laplacian\Commute_Fmap_basic_demo_for_sketches\triangle\triangle.c(3561,3): warning C4996: 'strcpy': This function or variable may be unsafe. Consider using strcpy_s instead. To disable deprecation, use _CRT_SECURE_NO_WARNINGS. See online help for details.
C:\Users\myronovm\Documents\GitHub\sketch_laplacian\Commute_Fmap_basic_demo_for_sketches\triangle\triangle.c(3562,3): warning C4996: 'strcpy': This function or variable may be unsafe. Consider using strcpy_s instead. To disable deprecation, use _CRT_SECURE_NO_WARNINGS. See online help for details.
C:\Users\myronovm\Documents\GitHub\sketch_laplacian\Commute_Fmap_basic_demo_for_sketches\triangle\triangle.c(3563,3): warning C4996: 'strcpy': This function or variable may be unsafe. Consider using strcpy_s instead. To disable deprecation, use _CRT_SECURE_NO_WARNINGS. See online help for details.
C:\Users\myronovm\Documents\GitHub\sketch_laplacian\Commute_Fmap_basic_demo_for_sketches\triangle\triangle.c(3565,3): warning C4996: 'strcpy': This function or variable may be unsafe. Consider using strcpy_s instead. To disable deprecation, use _CRT_SECURE_NO_WARNINGS. See online help for details.
C:\Users\myronovm\Documents\GitHub\sketch_laplacian\Commute_Fmap_basic_demo_for_sketches\triangle\triangle.c(3586,5): warning C4996: 'strcpy': This function or variable may be unsafe. Consider using strcpy_s instead. To disable deprecation, use _CRT_SECURE_NO_WARNINGS. See online help for details.
C:\Users\myronovm\Documents\GitHub\sketch_laplacian\Commute_Fmap_basic_demo_for_sketches\triangle\triangle.c(3587,5): warning C4996: 'strcpy': This function or variable may be unsafe. Consider using strcpy_s instead. To disable deprecation, use _CRT_SECURE_NO_WARNINGS. See online help for details.
C:\Users\myronovm\Documents\GitHub\sketch_laplacian\Commute_Fmap_basic_demo_for_sketches\triangle\triangle.c(3588,5): warning C4996: 'strcpy': This function or variable may be unsafe. Consider using strcpy_s instead. To disable deprecation, use _CRT_SECURE_NO_WARNINGS. See online help for details.
C:\Users\myronovm\Documents\GitHub\sketch_laplacian\Commute_Fmap_basic_demo_for_sketches\triangle\triangle.c(3589,5): warning C4996: 'strcpy': This function or variable may be unsafe. Consider using strcpy_s instead. To disable deprecation, use _CRT_SECURE_NO_WARNINGS. See online help for details.
C:\Users\myronovm\Documents\GitHub\sketch_laplacian\Commute_Fmap_basic_demo_for_sketches\triangle\triangle.c(3590,5): warning C4996: 'strcpy': This function or variable may be unsafe. Consider using strcpy_s instead. To disable deprecation, use _CRT_SECURE_NO_WARNINGS. See online help for details.
C:\Users\myronovm\Documents\GitHub\sketch_laplacian\Commute_Fmap_basic_demo_for_sketches\triangle\triangle.c(3591,5): warning C4996: 'strcpy': This function or variable may be unsafe. Consider using strcpy_s instead. To disable deprecation, use _CRT_SECURE_NO_WARNINGS. See online help for details.
C:\Users\myronovm\Documents\GitHub\sketch_laplacian\Commute_Fmap_basic_demo_for_sketches\triangle\triangle.c(3592,5): warning C4996: 'strcpy': This function or variable may be unsafe. Consider using strcpy_s instead. To disable deprecation, use _CRT_SECURE_NO_WARNINGS. See online help for details.
C:\Users\myronovm\Documents\GitHub\sketch_laplacian\Commute_Fmap_basic_demo_for_sketches\triangle\triangle.c(3593,5): warning C4996: 'strcat': This function or variable may be unsafe. Consider using strcat_s instead. To disable deprecation, use _CRT_SECURE_NO_WARNINGS. See online help for details.
C:\Users\myronovm\Documents\GitHub\sketch_laplacian\Commute_Fmap_basic_demo_for_sketches\triangle\triangle.c(3594,5): warning C4996: 'strcat': This function or variable may be unsafe. Consider using strcat_s instead. To disable deprecation, use _CRT_SECURE_NO_WARNINGS. See online help for details.
C:\Users\myronovm\Documents\GitHub\sketch_laplacian\Commute_Fmap_basic_demo_for_sketches\triangle\triangle.c(3595,5): warning C4996: 'strcat': This function or variable may be unsafe. Consider using strcat_s instead. To disable deprecation, use _CRT_SECURE_NO_WARNINGS. See online help for details.
C:\Users\myronovm\Documents\GitHub\sketch_laplacian\Commute_Fmap_basic_demo_for_sketches\triangle\triangle.c(3596,5): warning C4996: 'strcat': This function or variable may be unsafe. Consider using strcat_s instead. To disable deprecation, use _CRT_SECURE_NO_WARNINGS. See online help for details.
C:\Users\myronovm\Documents\GitHub\sketch_laplacian\Commute_Fmap_basic_demo_for_sketches\triangle\triangle.c(3597,5): warning C4996: 'strcat': This function or variable may be unsafe. Consider using strcat_s instead. To disable deprecation, use _CRT_SECURE_NO_WARNINGS. See online help for details.
C:\Users\myronovm\Documents\GitHub\sketch_laplacian\Commute_Fmap_basic_demo_for_sketches\triangle\triangle.c(3598,5): warning C4996: 'strcat': This function or variable may be unsafe. Consider using strcat_s instead. To disable deprecation, use _CRT_SECURE_NO_WARNINGS. See online help for details.
C:\Users\myronovm\Documents\GitHub\sketch_laplacian\Commute_Fmap_basic_demo_for_sketches\triangle\triangle.c(3599,5): warning C4996: 'strcat': This function or variable may be unsafe. Consider using strcat_s instead. To disable deprecation, use _CRT_SECURE_NO_WARNINGS. See online help for details.
C:\Users\myronovm\Documents\GitHub\sketch_laplacian\Commute_Fmap_basic_demo_for_sketches\triangle\triangle.c(3601,5): warning C4996: 'strcpy': This function or variable may be unsafe. Consider using strcpy_s instead. To disable deprecation, use _CRT_SECURE_NO_WARNINGS. See online help for details.
C:\Users\myronovm\Documents\GitHub\sketch_laplacian\Commute_Fmap_basic_demo_for_sketches\triangle\triangle.c(3602,5): warning C4996: 'strcpy': This function or variable may be unsafe. Consider using strcpy_s instead. To disable deprecation, use _CRT_SECURE_NO_WARNINGS. See online help for details.
C:\Users\myronovm\Documents\GitHub\sketch_laplacian\Commute_Fmap_basic_demo_for_sketches\triangle\triangle.c(3603,5): warning C4996: 'strcpy': This function or variable may be unsafe. Consider using strcpy_s instead. To disable deprecation, use _CRT_SECURE_NO_WARNINGS. See online help for details.
C:\Users\myronovm\Documents\GitHub\sketch_laplacian\Commute_Fmap_basic_demo_for_sketches\triangle\triangle.c(3604,5): warning C4996: 'strcpy': This function or variable may be unsafe. Consider using strcpy_s instead. To disable deprecation, use _CRT_SECURE_NO_WARNINGS. See online help for details.
C:\Users\myronovm\Documents\GitHub\sketch_laplacian\Commute_Fmap_basic_demo_for_sketches\triangle\triangle.c(3605,5): warning C4996: 'strcpy': This function or variable may be unsafe. Consider using strcpy_s instead. To disable deprecation, use _CRT_SECURE_NO_WARNINGS. See online help for details.
C:\Users\myronovm\Documents\GitHub\sketch_laplacian\Commute_Fmap_basic_demo_for_sketches\triangle\triangle.c(3606,5): warning C4996: 'strcpy': This function or variable may be unsafe. Consider using strcpy_s instead. To disable deprecation, use _CRT_SECURE_NO_WARNINGS. See online help for details.
C:\Users\myronovm\Documents\GitHub\sketch_laplacian\Commute_Fmap_basic_demo_for_sketches\triangle\triangle.c(3607,5): warning C4996: 'strcpy': This function or variable may be unsafe. Consider using strcpy_s instead. To disable deprecation, use _CRT_SECURE_NO_WARNINGS. See online help for details.
C:\Users\myronovm\Documents\GitHub\sketch_laplacian\Commute_Fmap_basic_demo_for_sketches\triangle\triangle.c(3608,5): warning C4996: 'strcpy': This function or variable may be unsafe. Consider using strcpy_s instead. To disable deprecation, use _CRT_SECURE_NO_WARNINGS. See online help for details.
C:\Users\myronovm\Documents\GitHub\sketch_laplacian\Commute_Fmap_basic_demo_for_sketches\triangle\triangle.c(3609,5): warning C4996: 'strcat': This function or variable may be unsafe. Consider using strcat_s instead. To disable deprecation, use _CRT_SECURE_NO_WARNINGS. See online help for details.
C:\Users\myronovm\Documents\GitHub\sketch_laplacian\Commute_Fmap_basic_demo_for_sketches\triangle\triangle.c(3610,5): warning C4996: 'strcat': This function or variable may be unsafe. Consider using strcat_s instead. To disable deprecation, use _CRT_SECURE_NO_WARNINGS. See online help for details.
C:\Users\myronovm\Documents\GitHub\sketch_laplacian\Commute_Fmap_basic_demo_for_sketches\triangle\triangle.c(3611,5): warning C4996: 'strcat': This function or variable may be unsafe. Consider using strcat_s instead. To disable deprecation, use _CRT_SECURE_NO_WARNINGS. See online help for details.
C:\Users\myronovm\Documents\GitHub\sketch_laplacian\Commute_Fmap_basic_demo_for_sketches\triangle\triangle.c(3612,5): warning C4996: 'strcat': This function or variable may be unsafe. Consider using strcat_s instead. To disable deprecation, use _CRT_SECURE_NO_WARNINGS. See online help for details.
C:\Users\myronovm\Documents\GitHub\sketch_laplacian\Commute_Fmap_basic_demo_for_sketches\triangle\triangle.c(3613,5): warning C4996: 'strcat': This function or variable may be unsafe. Consider using strcat_s instead. To disable deprecation, use _CRT_SECURE_NO_WARNINGS. See online help for details.
C:\Users\myronovm\Documents\GitHub\sketch_laplacian\Commute_Fmap_basic_demo_for_sketches\triangle\triangle.c(3614,5): warning C4996: 'strcat': This function or variable may be unsafe. Consider using strcat_s instead. To disable deprecation, use _CRT_SECURE_NO_WARNINGS. See online help for details.
C:\Users\myronovm\Documents\GitHub\sketch_laplacian\Commute_Fmap_basic_demo_for_sketches\triangle\triangle.c(3615,5): warning C4996: 'strcat': This function or variable may be unsafe. Consider using strcat_s instead. To disable deprecation, use _CRT_SECURE_NO_WARNINGS. See online help for details.
C:\Users\myronovm\Documents\GitHub\sketch_laplacian\Commute_Fmap_basic_demo_for_sketches\triangle\triangle.c(3616,5): warning C4996: 'strcat': This function or variable may be unsafe. Consider using strcat_s instead. To disable deprecation, use _CRT_SECURE_NO_WARNINGS. See online help for details.
C:\Users\myronovm\Documents\GitHub\sketch_laplacian\Commute_Fmap_basic_demo_for_sketches\triangle\triangle.c(3621,5): warning C4996: 'sprintf': This function or variable may be unsafe. Consider using sprintf_s instead. To disable deprecation, use _CRT_SECURE_NO_WARNINGS. See online help for details.
C:\Users\myronovm\Documents\GitHub\sketch_laplacian\Commute_Fmap_basic_demo_for_sketches\triangle\triangle.c(3622,5): warning C4996: 'strcpy': This function or variable may be unsafe. Consider using strcpy_s instead. To disable deprecation, use _CRT_SECURE_NO_WARNINGS. See online help for details.
C:\Users\myronovm\Documents\GitHub\sketch_laplacian\Commute_Fmap_basic_demo_for_sketches\triangle\triangle.c(3623,5): warning C4996: 'strcpy': This function or variable may be unsafe. Consider using strcpy_s instead. To disable deprecation, use _CRT_SECURE_NO_WARNINGS. See online help for details.
C:\Users\myronovm\Documents\GitHub\sketch_laplacian\Commute_Fmap_basic_demo_for_sketches\triangle\triangle.c(3624,5): warning C4996: 'strcpy': This function or variable may be unsafe. Consider using strcpy_s instead. To disable deprecation, use _CRT_SECURE_NO_WARNINGS. See online help for details.
C:\Users\myronovm\Documents\GitHub\sketch_laplacian\Commute_Fmap_basic_demo_for_sketches\triangle\triangle.c(3625,5): warning C4996: 'strcpy': This function or variable may be unsafe. Consider using strcpy_s instead. To disable deprecation, use _CRT_SECURE_NO_WARNINGS. See online help for details.
C:\Users\myronovm\Documents\GitHub\sketch_laplacian\Commute_Fmap_basic_demo_for_sketches\triangle\triangle.c(3626,5): warning C4996: 'strcpy': This function or variable may be unsafe. Consider using strcpy_s instead. To disable deprecation, use _CRT_SECURE_NO_WARNINGS. See online help for details.
C:\Users\myronovm\Documents\GitHub\sketch_laplacian\Commute_Fmap_basic_demo_for_sketches\triangle\triangle.c(3627,5): warning C4996: 'strcpy': This function or variable may be unsafe. Consider using strcpy_s instead. To disable deprecation, use _CRT_SECURE_NO_WARNINGS. See online help for details.
C:\Users\myronovm\Documents\GitHub\sketch_laplacian\Commute_Fmap_basic_demo_for_sketches\triangle\triangle.c(3628,5): warning C4996: 'strcpy': This function or variable may be unsafe. Consider using strcpy_s instead. To disable deprecation, use _CRT_SECURE_NO_WARNINGS. See online help for details.
C:\Users\myronovm\Documents\GitHub\sketch_laplacian\Commute_Fmap_basic_demo_for_sketches\triangle\triangle.c(3629,5): warning C4996: 'strcat': This function or variable may be unsafe. Consider using strcat_s instead. To disable deprecation, use _CRT_SECURE_NO_WARNINGS. See online help for details.
C:\Users\myronovm\Documents\GitHub\sketch_laplacian\Commute_Fmap_basic_demo_for_sketches\triangle\triangle.c(3630,5): warning C4996: 'strcat': This function or variable may be unsafe. Consider using strcat_s instead. To disable deprecation, use _CRT_SECURE_NO_WARNINGS. See online help for details.
C:\Users\myronovm\Documents\GitHub\sketch_laplacian\Commute_Fmap_basic_demo_for_sketches\triangle\triangle.c(3631,5): warning C4996: 'strcat': This function or variable may be unsafe. Consider using strcat_s instead. To disable deprecation, use _CRT_SECURE_NO_WARNINGS. See online help for details.
C:\Users\myronovm\Documents\GitHub\sketch_laplacian\Commute_Fmap_basic_demo_for_sketches\triangle\triangle.c(3632,5): warning C4996: 'strcat': This function or variable may be unsafe. Consider using strcat_s instead. To disable deprecation, use _CRT_SECURE_NO_WARNINGS. See online help for details.
C:\Users\myronovm\Documents\GitHub\sketch_laplacian\Commute_Fmap_basic_demo_for_sketches\triangle\triangle.c(3633,5): warning C4996: 'strcat': This function or variable may be unsafe. Consider using strcat_s instead. To disable deprecation, use _CRT_SECURE_NO_WARNINGS. See online help for details.
C:\Users\myronovm\Documents\GitHub\sketch_laplacian\Commute_Fmap_basic_demo_for_sketches\triangle\triangle.c(3634,5): warning C4996: 'strcat': This function or variable may be unsafe. Consider using strcat_s instead. To disable deprecation, use _CRT_SECURE_NO_WARNINGS. See online help for details.
C:\Users\myronovm\Documents\GitHub\sketch_laplacian\Commute_Fmap_basic_demo_for_sketches\triangle\triangle.c(3635,5): warning C4996: 'strcat': This function or variable may be unsafe. Consider using strcat_s instead. To disable deprecation, use _CRT_SECURE_NO_WARNINGS. See online help for details.
C:\Users\myronovm\Documents\GitHub\sketch_laplacian\Commute_Fmap_basic_demo_for_sketches\triangle\triangle.c(3636,5): warning C4996: 'strcat': This function or variable may be unsafe. Consider using strcat_s instead. To disable deprecation, use _CRT_SECURE_NO_WARNINGS. See online help for details.
C:\Users\myronovm\Documents\GitHub\sketch_laplacian\Commute_Fmap_basic_demo_for_sketches\triangle\triangle.c(3638,3): warning C4996: 'strcat': This function or variable may be unsafe. Consider using strcat_s instead. To disable deprecation, use _CRT_SECURE_NO_WARNINGS. See online help for details.
C:\Users\myronovm\Documents\GitHub\sketch_laplacian\Commute_Fmap_basic_demo_for_sketches\triangle\triangle.c(3639,3): warning C4996: 'strcat': This function or variable may be unsafe. Consider using strcat_s instead. To disable deprecation, use _CRT_SECURE_NO_WARNINGS. See online help for details.
C:\Users\myronovm\Documents\GitHub\sketch_laplacian\Commute_Fmap_basic_demo_for_sketches\triangle\triangle.c(3640,3): warning C4996: 'strcat': This function or variable may be unsafe. Consider using strcat_s instead. To disable deprecation, use _CRT_SECURE_NO_WARNINGS. See online help for details.
C:\Users\myronovm\Documents\GitHub\sketch_laplacian\Commute_Fmap_basic_demo_for_sketches\triangle\triangle.c(3641,3): warning C4996: 'strcat': This function or variable may be unsafe. Consider using strcat_s instead. To disable deprecation, use _CRT_SECURE_NO_WARNINGS. See online help for details.
C:\Users\myronovm\Documents\GitHub\sketch_laplacian\Commute_Fmap_basic_demo_for_sketches\triangle\triangle.c(3678,10): warning C4477: 'printf' : format string '%lx' requires an argument of type 'unsigned long', but variadic argument 1 has type 'unsigned __int64'
C:\Users\myronovm\Documents\GitHub\sketch_laplacian\Commute_Fmap_basic_demo_for_sketches\triangle\triangle.c(3678,10): message : consider using '%llx' in the format string
C:\Users\myronovm\Documents\GitHub\sketch_laplacian\Commute_Fmap_basic_demo_for_sketches\triangle\triangle.c(3678,10): message : consider using '%Ix' in the format string
C:\Users\myronovm\Documents\GitHub\sketch_laplacian\Commute_Fmap_basic_demo_for_sketches\triangle\triangle.c(3678,10): message : consider using '%I64x' in the format string
C:\Users\myronovm\Documents\GitHub\sketch_laplacian\Commute_Fmap_basic_demo_for_sketches\triangle\triangle.c(3684,12): warning C4477: 'printf' : format string '%lx' requires an argument of type 'unsigned long', but variadic argument 1 has type 'unsigned __int64'
C:\Users\myronovm\Documents\GitHub\sketch_laplacian\Commute_Fmap_basic_demo_for_sketches\triangle\triangle.c(3684,12): message : consider using '%llx' in the format string
C:\Users\myronovm\Documents\GitHub\sketch_laplacian\Commute_Fmap_basic_demo_for_sketches\triangle\triangle.c(3684,12): message : consider using '%Ix' in the format string
C:\Users\myronovm\Documents\GitHub\sketch_laplacian\Commute_Fmap_basic_demo_for_sketches\triangle\triangle.c(3684,12): message : consider using '%I64x' in the format string
C:\Users\myronovm\Documents\GitHub\sketch_laplacian\Commute_Fmap_basic_demo_for_sketches\triangle\triangle.c(3691,12): warning C4477: 'printf' : format string '%lx' requires an argument of type 'unsigned long', but variadic argument 1 has type 'unsigned __int64'
C:\Users\myronovm\Documents\GitHub\sketch_laplacian\Commute_Fmap_basic_demo_for_sketches\triangle\triangle.c(3691,12): message : consider using '%llx' in the format string
C:\Users\myronovm\Documents\GitHub\sketch_laplacian\Commute_Fmap_basic_demo_for_sketches\triangle\triangle.c(3691,12): message : consider using '%Ix' in the format string
C:\Users\myronovm\Documents\GitHub\sketch_laplacian\Commute_Fmap_basic_demo_for_sketches\triangle\triangle.c(3691,12): message : consider using '%I64x' in the format string
C:\Users\myronovm\Documents\GitHub\sketch_laplacian\Commute_Fmap_basic_demo_for_sketches\triangle\triangle.c(3698,12): warning C4477: 'printf' : format string '%lx' requires an argument of type 'unsigned long', but variadic argument 1 has type 'unsigned __int64'
C:\Users\myronovm\Documents\GitHub\sketch_laplacian\Commute_Fmap_basic_demo_for_sketches\triangle\triangle.c(3698,12): message : consider using '%llx' in the format string
C:\Users\myronovm\Documents\GitHub\sketch_laplacian\Commute_Fmap_basic_demo_for_sketches\triangle\triangle.c(3698,12): message : consider using '%Ix' in the format string
C:\Users\myronovm\Documents\GitHub\sketch_laplacian\Commute_Fmap_basic_demo_for_sketches\triangle\triangle.c(3698,12): message : consider using '%I64x' in the format string
C:\Users\myronovm\Documents\GitHub\sketch_laplacian\Commute_Fmap_basic_demo_for_sketches\triangle\triangle.c(3706,12): warning C4477: 'printf' : format string '%lx' requires an argument of type 'unsigned long', but variadic argument 2 has type 'unsigned __int64'
C:\Users\myronovm\Documents\GitHub\sketch_laplacian\Commute_Fmap_basic_demo_for_sketches\triangle\triangle.c(3706,12): message : consider using '%llx' in the format string
C:\Users\myronovm\Documents\GitHub\sketch_laplacian\Commute_Fmap_basic_demo_for_sketches\triangle\triangle.c(3706,12): message : consider using '%Ix' in the format string
C:\Users\myronovm\Documents\GitHub\sketch_laplacian\Commute_Fmap_basic_demo_for_sketches\triangle\triangle.c(3706,12): message : consider using '%I64x' in the format string
C:\Users\myronovm\Documents\GitHub\sketch_laplacian\Commute_Fmap_basic_demo_for_sketches\triangle\triangle.c(3713,12): warning C4477: 'printf' : format string '%lx' requires an argument of type 'unsigned long', but variadic argument 2 has type 'unsigned __int64'
C:\Users\myronovm\Documents\GitHub\sketch_laplacian\Commute_Fmap_basic_demo_for_sketches\triangle\triangle.c(3713,12): message : consider using '%llx' in the format string
C:\Users\myronovm\Documents\GitHub\sketch_laplacian\Commute_Fmap_basic_demo_for_sketches\triangle\triangle.c(3713,12): message : consider using '%Ix' in the format string
C:\Users\myronovm\Documents\GitHub\sketch_laplacian\Commute_Fmap_basic_demo_for_sketches\triangle\triangle.c(3713,12): message : consider using '%I64x' in the format string
C:\Users\myronovm\Documents\GitHub\sketch_laplacian\Commute_Fmap_basic_demo_for_sketches\triangle\triangle.c(3720,12): warning C4477: 'printf' : format string '%lx' requires an argument of type 'unsigned long', but variadic argument 2 has type 'unsigned __int64'
C:\Users\myronovm\Documents\GitHub\sketch_laplacian\Commute_Fmap_basic_demo_for_sketches\triangle\triangle.c(3720,12): message : consider using '%llx' in the format string
C:\Users\myronovm\Documents\GitHub\sketch_laplacian\Commute_Fmap_basic_demo_for_sketches\triangle\triangle.c(3720,12): message : consider using '%Ix' in the format string
C:\Users\myronovm\Documents\GitHub\sketch_laplacian\Commute_Fmap_basic_demo_for_sketches\triangle\triangle.c(3720,12): message : consider using '%I64x' in the format string
C:\Users\myronovm\Documents\GitHub\sketch_laplacian\Commute_Fmap_basic_demo_for_sketches\triangle\triangle.c(3727,14): warning C4477: 'printf' : format string '%lx' requires an argument of type 'unsigned long', but variadic argument 1 has type 'unsigned __int64'
C:\Users\myronovm\Documents\GitHub\sketch_laplacian\Commute_Fmap_basic_demo_for_sketches\triangle\triangle.c(3727,14): message : consider using '%llx' in the format string
C:\Users\myronovm\Documents\GitHub\sketch_laplacian\Commute_Fmap_basic_demo_for_sketches\triangle\triangle.c(3727,14): message : consider using '%Ix' in the format string
C:\Users\myronovm\Documents\GitHub\sketch_laplacian\Commute_Fmap_basic_demo_for_sketches\triangle\triangle.c(3727,14): message : consider using '%I64x' in the format string
C:\Users\myronovm\Documents\GitHub\sketch_laplacian\Commute_Fmap_basic_demo_for_sketches\triangle\triangle.c(3732,14): warning C4477: 'printf' : format string '%lx' requires an argument of type 'unsigned long', but variadic argument 1 has type 'unsigned __int64'
C:\Users\myronovm\Documents\GitHub\sketch_laplacian\Commute_Fmap_basic_demo_for_sketches\triangle\triangle.c(3732,14): message : consider using '%llx' in the format string
C:\Users\myronovm\Documents\GitHub\sketch_laplacian\Commute_Fmap_basic_demo_for_sketches\triangle\triangle.c(3732,14): message : consider using '%Ix' in the format string
C:\Users\myronovm\Documents\GitHub\sketch_laplacian\Commute_Fmap_basic_demo_for_sketches\triangle\triangle.c(3732,14): message : consider using '%I64x' in the format string
C:\Users\myronovm\Documents\GitHub\sketch_laplacian\Commute_Fmap_basic_demo_for_sketches\triangle\triangle.c(3737,14): warning C4477: 'printf' : format string '%lx' requires an argument of type 'unsigned long', but variadic argument 1 has type 'unsigned __int64'
C:\Users\myronovm\Documents\GitHub\sketch_laplacian\Commute_Fmap_basic_demo_for_sketches\triangle\triangle.c(3737,14): message : consider using '%llx' in the format string
C:\Users\myronovm\Documents\GitHub\sketch_laplacian\Commute_Fmap_basic_demo_for_sketches\triangle\triangle.c(3737,14): message : consider using '%Ix' in the format string
C:\Users\myronovm\Documents\GitHub\sketch_laplacian\Commute_Fmap_basic_demo_for_sketches\triangle\triangle.c(3737,14): message : consider using '%I64x' in the format string
C:\Users\myronovm\Documents\GitHub\sketch_laplacian\Commute_Fmap_basic_demo_for_sketches\triangle\triangle.c(3772,10): warning C4477: 'printf' : format string '%lx' requires an argument of type 'unsigned long', but variadic argument 1 has type 'unsigned __int64'
C:\Users\myronovm\Documents\GitHub\sketch_laplacian\Commute_Fmap_basic_demo_for_sketches\triangle\triangle.c(3772,10): message : consider using '%llx' in the format string
C:\Users\myronovm\Documents\GitHub\sketch_laplacian\Commute_Fmap_basic_demo_for_sketches\triangle\triangle.c(3772,10): message : consider using '%Ix' in the format string
C:\Users\myronovm\Documents\GitHub\sketch_laplacian\Commute_Fmap_basic_demo_for_sketches\triangle\triangle.c(3772,10): message : consider using '%I64x' in the format string
C:\Users\myronovm\Documents\GitHub\sketch_laplacian\Commute_Fmap_basic_demo_for_sketches\triangle\triangle.c(3778,12): warning C4477: 'printf' : format string '%lx' requires an argument of type 'unsigned long', but variadic argument 1 has type 'unsigned __int64'
C:\Users\myronovm\Documents\GitHub\sketch_laplacian\Commute_Fmap_basic_demo_for_sketches\triangle\triangle.c(3778,12): message : consider using '%llx' in the format string
C:\Users\myronovm\Documents\GitHub\sketch_laplacian\Commute_Fmap_basic_demo_for_sketches\triangle\triangle.c(3778,12): message : consider using '%Ix' in the format string
C:\Users\myronovm\Documents\GitHub\sketch_laplacian\Commute_Fmap_basic_demo_for_sketches\triangle\triangle.c(3778,12): message : consider using '%I64x' in the format string
C:\Users\myronovm\Documents\GitHub\sketch_laplacian\Commute_Fmap_basic_demo_for_sketches\triangle\triangle.c(3785,12): warning C4477: 'printf' : format string '%lx' requires an argument of type 'unsigned long', but variadic argument 1 has type 'unsigned __int64'
C:\Users\myronovm\Documents\GitHub\sketch_laplacian\Commute_Fmap_basic_demo_for_sketches\triangle\triangle.c(3785,12): message : consider using '%llx' in the format string
C:\Users\myronovm\Documents\GitHub\sketch_laplacian\Commute_Fmap_basic_demo_for_sketches\triangle\triangle.c(3785,12): message : consider using '%Ix' in the format string
C:\Users\myronovm\Documents\GitHub\sketch_laplacian\Commute_Fmap_basic_demo_for_sketches\triangle\triangle.c(3785,12): message : consider using '%I64x' in the format string
C:\Users\myronovm\Documents\GitHub\sketch_laplacian\Commute_Fmap_basic_demo_for_sketches\triangle\triangle.c(3793,12): warning C4477: 'printf' : format string '%lx' requires an argument of type 'unsigned long', but variadic argument 2 has type 'unsigned __int64'
C:\Users\myronovm\Documents\GitHub\sketch_laplacian\Commute_Fmap_basic_demo_for_sketches\triangle\triangle.c(3793,12): message : consider using '%llx' in the format string
C:\Users\myronovm\Documents\GitHub\sketch_laplacian\Commute_Fmap_basic_demo_for_sketches\triangle\triangle.c(3793,12): message : consider using '%Ix' in the format string
C:\Users\myronovm\Documents\GitHub\sketch_laplacian\Commute_Fmap_basic_demo_for_sketches\triangle\triangle.c(3793,12): message : consider using '%I64x' in the format string
C:\Users\myronovm\Documents\GitHub\sketch_laplacian\Commute_Fmap_basic_demo_for_sketches\triangle\triangle.c(3800,12): warning C4477: 'printf' : format string '%lx' requires an argument of type 'unsigned long', but variadic argument 2 has type 'unsigned __int64'
C:\Users\myronovm\Documents\GitHub\sketch_laplacian\Commute_Fmap_basic_demo_for_sketches\triangle\triangle.c(3800,12): message : consider using '%llx' in the format string
C:\Users\myronovm\Documents\GitHub\sketch_laplacian\Commute_Fmap_basic_demo_for_sketches\triangle\triangle.c(3800,12): message : consider using '%Ix' in the format string
C:\Users\myronovm\Documents\GitHub\sketch_laplacian\Commute_Fmap_basic_demo_for_sketches\triangle\triangle.c(3800,12): message : consider using '%I64x' in the format string
C:\Users\myronovm\Documents\GitHub\sketch_laplacian\Commute_Fmap_basic_demo_for_sketches\triangle\triangle.c(3808,12): warning C4477: 'printf' : format string '%lx' requires an argument of type 'unsigned long', but variadic argument 1 has type 'unsigned __int64'
C:\Users\myronovm\Documents\GitHub\sketch_laplacian\Commute_Fmap_basic_demo_for_sketches\triangle\triangle.c(3808,12): message : consider using '%llx' in the format string
C:\Users\myronovm\Documents\GitHub\sketch_laplacian\Commute_Fmap_basic_demo_for_sketches\triangle\triangle.c(3808,12): message : consider using '%Ix' in the format string
C:\Users\myronovm\Documents\GitHub\sketch_laplacian\Commute_Fmap_basic_demo_for_sketches\triangle\triangle.c(3808,12): message : consider using '%I64x' in the format string
C:\Users\myronovm\Documents\GitHub\sketch_laplacian\Commute_Fmap_basic_demo_for_sketches\triangle\triangle.c(3815,12): warning C4477: 'printf' : format string '%lx' requires an argument of type 'unsigned long', but variadic argument 1 has type 'unsigned __int64'
C:\Users\myronovm\Documents\GitHub\sketch_laplacian\Commute_Fmap_basic_demo_for_sketches\triangle\triangle.c(3815,12): message : consider using '%llx' in the format string
C:\Users\myronovm\Documents\GitHub\sketch_laplacian\Commute_Fmap_basic_demo_for_sketches\triangle\triangle.c(3815,12): message : consider using '%Ix' in the format string
C:\Users\myronovm\Documents\GitHub\sketch_laplacian\Commute_Fmap_basic_demo_for_sketches\triangle\triangle.c(3815,12): message : consider using '%I64x' in the format string
C:\Users\myronovm\Documents\GitHub\sketch_laplacian\Commute_Fmap_basic_demo_for_sketches\triangle\triangle.c(3823,12): warning C4477: 'printf' : format string '%lx' requires an argument of type 'unsigned long', but variadic argument 2 has type 'unsigned __int64'
C:\Users\myronovm\Documents\GitHub\sketch_laplacian\Commute_Fmap_basic_demo_for_sketches\triangle\triangle.c(3823,12): message : consider using '%llx' in the format string
C:\Users\myronovm\Documents\GitHub\sketch_laplacian\Commute_Fmap_basic_demo_for_sketches\triangle\triangle.c(3823,12): message : consider using '%Ix' in the format string
C:\Users\myronovm\Documents\GitHub\sketch_laplacian\Commute_Fmap_basic_demo_for_sketches\triangle\triangle.c(3823,12): message : consider using '%I64x' in the format string
C:\Users\myronovm\Documents\GitHub\sketch_laplacian\Commute_Fmap_basic_demo_for_sketches\triangle\triangle.c(3830,12): warning C4477: 'printf' : format string '%lx' requires an argument of type 'unsigned long', but variadic argument 2 has type 'unsigned __int64'
C:\Users\myronovm\Documents\GitHub\sketch_laplacian\Commute_Fmap_basic_demo_for_sketches\triangle\triangle.c(3830,12): message : consider using '%llx' in the format string
C:\Users\myronovm\Documents\GitHub\sketch_laplacian\Commute_Fmap_basic_demo_for_sketches\triangle\triangle.c(3830,12): message : consider using '%Ix' in the format string
C:\Users\myronovm\Documents\GitHub\sketch_laplacian\Commute_Fmap_basic_demo_for_sketches\triangle\triangle.c(3830,12): message : consider using '%I64x' in the format string
C:\Users\myronovm\Documents\GitHub\sketch_laplacian\Commute_Fmap_basic_demo_for_sketches\triangle\triangle.c(6954,55): warning C4244: '=': conversion from 'double' to 'int', possible loss of data
C:\Users\myronovm\Documents\GitHub\sketch_laplacian\Commute_Fmap_basic_demo_for_sketches\triangle\triangle.c(11307,16): warning C4477: 'printf' : format string '%ld' requires an argument of type 'long', but variadic argument 1 has type '__int64'
C:\Users\myronovm\Documents\GitHub\sketch_laplacian\Commute_Fmap_basic_demo_for_sketches\triangle\triangle.c(11307,16): message : consider using '%lld' in the format string
C:\Users\myronovm\Documents\GitHub\sketch_laplacian\Commute_Fmap_basic_demo_for_sketches\triangle\triangle.c(11307,16): message : consider using '%Id' in the format string
C:\Users\myronovm\Documents\GitHub\sketch_laplacian\Commute_Fmap_basic_demo_for_sketches\triangle\triangle.c(11307,16): message : consider using '%I64d' in the format string
C:\Users\myronovm\Documents\GitHub\sketch_laplacian\Commute_Fmap_basic_demo_for_sketches\triangle\triangle.c(11314,18): warning C4477: 'printf' : format string '%ld' requires an argument of type 'long', but variadic argument 1 has type '__int64'
C:\Users\myronovm\Documents\GitHub\sketch_laplacian\Commute_Fmap_basic_demo_for_sketches\triangle\triangle.c(11314,18): message : consider using '%lld' in the format string
C:\Users\myronovm\Documents\GitHub\sketch_laplacian\Commute_Fmap_basic_demo_for_sketches\triangle\triangle.c(11314,18): message : consider using '%Id' in the format string
C:\Users\myronovm\Documents\GitHub\sketch_laplacian\Commute_Fmap_basic_demo_for_sketches\triangle\triangle.c(11314,18): message : consider using '%I64d' in the format string
C:\Users\myronovm\Documents\GitHub\sketch_laplacian\Commute_Fmap_basic_demo_for_sketches\triangle\triangle.c(11452,16): warning C4477: 'printf' : format string '%ld' requires an argument of type 'long', but variadic argument 1 has type '__int64'
C:\Users\myronovm\Documents\GitHub\sketch_laplacian\Commute_Fmap_basic_demo_for_sketches\triangle\triangle.c(11452,16): message : consider using '%lld' in the format string
C:\Users\myronovm\Documents\GitHub\sketch_laplacian\Commute_Fmap_basic_demo_for_sketches\triangle\triangle.c(11452,16): message : consider using '%Id' in the format string
C:\Users\myronovm\Documents\GitHub\sketch_laplacian\Commute_Fmap_basic_demo_for_sketches\triangle\triangle.c(11452,16): message : consider using '%I64d' in the format string
C:\Users\myronovm\Documents\GitHub\sketch_laplacian\Commute_Fmap_basic_demo_for_sketches\triangle\triangle.c(11460,16): warning C4477: 'printf' : format string '%ld' requires an argument of type 'long', but variadic argument 1 has type '__int64'
C:\Users\myronovm\Documents\GitHub\sketch_laplacian\Commute_Fmap_basic_demo_for_sketches\triangle\triangle.c(11460,16): message : consider using '%lld' in the format string
C:\Users\myronovm\Documents\GitHub\sketch_laplacian\Commute_Fmap_basic_demo_for_sketches\triangle\triangle.c(11460,16): message : consider using '%Id' in the format string
C:\Users\myronovm\Documents\GitHub\sketch_laplacian\Commute_Fmap_basic_demo_for_sketches\triangle\triangle.c(11460,16): message : consider using '%I64d' in the format string
C:\Users\myronovm\Documents\GitHub\sketch_laplacian\Commute_Fmap_basic_demo_for_sketches\triangle\triangle.c(11478,18): warning C4477: 'printf' : format string '%ld' requires an argument of type 'long', but variadic argument 1 has type '__int64'
C:\Users\myronovm\Documents\GitHub\sketch_laplacian\Commute_Fmap_basic_demo_for_sketches\triangle\triangle.c(11478,18): message : consider using '%lld' in the format string
C:\Users\myronovm\Documents\GitHub\sketch_laplacian\Commute_Fmap_basic_demo_for_sketches\triangle\triangle.c(11478,18): message : consider using '%Id' in the format string
C:\Users\myronovm\Documents\GitHub\sketch_laplacian\Commute_Fmap_basic_demo_for_sketches\triangle\triangle.c(11478,18): message : consider using '%I64d' in the format string
C:\Users\myronovm\Documents\GitHub\sketch_laplacian\Commute_Fmap_basic_demo_for_sketches\triangle\triangle.c(11183,13): warning C4996: 'fopen': This function or variable may be unsafe. Consider using fopen_s instead. To disable deprecation, use _CRT_SECURE_NO_WARNINGS. See online help for details.
C:\Users\myronovm\Documents\GitHub\sketch_laplacian\Commute_Fmap_basic_demo_for_sketches\triangle\triangle.c(11253,16): warning C4996: 'fopen': This function or variable may be unsafe. Consider using fopen_s instead. To disable deprecation, use _CRT_SECURE_NO_WARNINGS. See online help for details.
C:\Users\myronovm\Documents\GitHub\sketch_laplacian\Commute_Fmap_basic_demo_for_sketches\triangle\triangle.c(13690,14): warning C4477: 'printf' : format string '%ld' requires an argument of type 'long', but variadic argument 1 has type '__int64'
C:\Users\myronovm\Documents\GitHub\sketch_laplacian\Commute_Fmap_basic_demo_for_sketches\triangle\triangle.c(13690,14): message : consider using '%lld' in the format string
C:\Users\myronovm\Documents\GitHub\sketch_laplacian\Commute_Fmap_basic_demo_for_sketches\triangle\triangle.c(13690,14): message : consider using '%Id' in the format string
C:\Users\myronovm\Documents\GitHub\sketch_laplacian\Commute_Fmap_basic_demo_for_sketches\triangle\triangle.c(13690,14): message : consider using '%I64d' in the format string
C:\Users\myronovm\Documents\GitHub\sketch_laplacian\Commute_Fmap_basic_demo_for_sketches\triangle\triangle.c(13916,17): warning C4996: 'fopen': This function or variable may be unsafe. Consider using fopen_s instead. To disable deprecation, use _CRT_SECURE_NO_WARNINGS. See online help for details.
C:\Users\myronovm\Documents\GitHub\sketch_laplacian\Commute_Fmap_basic_demo_for_sketches\triangle\triangle.c(13964,14): warning C4996: 'fopen': This function or variable may be unsafe. Consider using fopen_s instead. To disable deprecation, use _CRT_SECURE_NO_WARNINGS. See online help for details.
C:\Users\myronovm\Documents\GitHub\sketch_laplacian\Commute_Fmap_basic_demo_for_sketches\triangle\triangle.c(14404,20): warning C4477: 'fprintf' : format string '%ld' requires an argument of type 'long', but variadic argument 1 has type '__int64'
C:\Users\myronovm\Documents\GitHub\sketch_laplacian\Commute_Fmap_basic_demo_for_sketches\triangle\triangle.c(14404,20): message : consider using '%lld' in the format string
C:\Users\myronovm\Documents\GitHub\sketch_laplacian\Commute_Fmap_basic_demo_for_sketches\triangle\triangle.c(14404,20): message : consider using '%Id' in the format string
C:\Users\myronovm\Documents\GitHub\sketch_laplacian\Commute_Fmap_basic_demo_for_sketches\triangle\triangle.c(14404,20): message : consider using '%I64d' in the format string
C:\Users\myronovm\Documents\GitHub\sketch_laplacian\Commute_Fmap_basic_demo_for_sketches\triangle\triangle.c(14397,13): warning C4996: 'fopen': This function or variable may be unsafe. Consider using fopen_s instead. To disable deprecation, use _CRT_SECURE_NO_WARNINGS. See online help for details.
C:\Users\myronovm\Documents\GitHub\sketch_laplacian\Commute_Fmap_basic_demo_for_sketches\triangle\triangle.c(14566,20): warning C4477: 'fprintf' : format string '%ld' requires an argument of type 'long', but variadic argument 1 has type '__int64'
C:\Users\myronovm\Documents\GitHub\sketch_laplacian\Commute_Fmap_basic_demo_for_sketches\triangle\triangle.c(14566,20): message : consider using '%lld' in the format string
C:\Users\myronovm\Documents\GitHub\sketch_laplacian\Commute_Fmap_basic_demo_for_sketches\triangle\triangle.c(14566,20): message : consider using '%Id' in the format string
C:\Users\myronovm\Documents\GitHub\sketch_laplacian\Commute_Fmap_basic_demo_for_sketches\triangle\triangle.c(14566,20): message : consider using '%I64d' in the format string
C:\Users\myronovm\Documents\GitHub\sketch_laplacian\Commute_Fmap_basic_demo_for_sketches\triangle\triangle.c(14585,24): warning C4477: 'fprintf' : format string '%4ld' requires an argument of type 'long', but variadic argument 1 has type '__int64'
C:\Users\myronovm\Documents\GitHub\sketch_laplacian\Commute_Fmap_basic_demo_for_sketches\triangle\triangle.c(14585,24): message : consider using '%lld' in the format string
C:\Users\myronovm\Documents\GitHub\sketch_laplacian\Commute_Fmap_basic_demo_for_sketches\triangle\triangle.c(14585,24): message : consider using '%Id' in the format string
C:\Users\myronovm\Documents\GitHub\sketch_laplacian\Commute_Fmap_basic_demo_for_sketches\triangle\triangle.c(14585,24): message : consider using '%I64d' in the format string
C:\Users\myronovm\Documents\GitHub\sketch_laplacian\Commute_Fmap_basic_demo_for_sketches\triangle\triangle.c(14601,24): warning C4477: 'fprintf' : format string '%4ld' requires an argument of type 'long', but variadic argument 1 has type '__int64'
C:\Users\myronovm\Documents\GitHub\sketch_laplacian\Commute_Fmap_basic_demo_for_sketches\triangle\triangle.c(14601,24): message : consider using '%lld' in the format string
C:\Users\myronovm\Documents\GitHub\sketch_laplacian\Commute_Fmap_basic_demo_for_sketches\triangle\triangle.c(14601,24): message : consider using '%Id' in the format string
C:\Users\myronovm\Documents\GitHub\sketch_laplacian\Commute_Fmap_basic_demo_for_sketches\triangle\triangle.c(14601,24): message : consider using '%I64d' in the format string
C:\Users\myronovm\Documents\GitHub\sketch_laplacian\Commute_Fmap_basic_demo_for_sketches\triangle\triangle.c(14560,13): warning C4996: 'fopen': This function or variable may be unsafe. Consider using fopen_s instead. To disable deprecation, use _CRT_SECURE_NO_WARNINGS. See online help for details.
C:\Users\myronovm\Documents\GitHub\sketch_laplacian\Commute_Fmap_basic_demo_for_sketches\triangle\triangle.c(14713,20): warning C4477: 'fprintf' : format string '%ld' requires an argument of type 'long', but variadic argument 1 has type '__int64'
C:\Users\myronovm\Documents\GitHub\sketch_laplacian\Commute_Fmap_basic_demo_for_sketches\triangle\triangle.c(14713,20): message : consider using '%lld' in the format string
C:\Users\myronovm\Documents\GitHub\sketch_laplacian\Commute_Fmap_basic_demo_for_sketches\triangle\triangle.c(14713,20): message : consider using '%Id' in the format string
C:\Users\myronovm\Documents\GitHub\sketch_laplacian\Commute_Fmap_basic_demo_for_sketches\triangle\triangle.c(14713,20): message : consider using '%I64d' in the format string
C:\Users\myronovm\Documents\GitHub\sketch_laplacian\Commute_Fmap_basic_demo_for_sketches\triangle\triangle.c(14734,24): warning C4477: 'fprintf' : format string '%4ld' requires an argument of type 'long', but variadic argument 1 has type '__int64'
C:\Users\myronovm\Documents\GitHub\sketch_laplacian\Commute_Fmap_basic_demo_for_sketches\triangle\triangle.c(14734,24): message : consider using '%lld' in the format string
C:\Users\myronovm\Documents\GitHub\sketch_laplacian\Commute_Fmap_basic_demo_for_sketches\triangle\triangle.c(14734,24): message : consider using '%Id' in the format string
C:\Users\myronovm\Documents\GitHub\sketch_laplacian\Commute_Fmap_basic_demo_for_sketches\triangle\triangle.c(14734,24): message : consider using '%I64d' in the format string
C:\Users\myronovm\Documents\GitHub\sketch_laplacian\Commute_Fmap_basic_demo_for_sketches\triangle\triangle.c(14737,24): warning C4477: 'fprintf' : format string '%4ld' requires an argument of type 'long', but variadic argument 1 has type '__int64'
C:\Users\myronovm\Documents\GitHub\sketch_laplacian\Commute_Fmap_basic_demo_for_sketches\triangle\triangle.c(14737,24): message : consider using '%lld' in the format string
C:\Users\myronovm\Documents\GitHub\sketch_laplacian\Commute_Fmap_basic_demo_for_sketches\triangle\triangle.c(14737,24): message : consider using '%Id' in the format string
C:\Users\myronovm\Documents\GitHub\sketch_laplacian\Commute_Fmap_basic_demo_for_sketches\triangle\triangle.c(14737,24): message : consider using '%I64d' in the format string
C:\Users\myronovm\Documents\GitHub\sketch_laplacian\Commute_Fmap_basic_demo_for_sketches\triangle\triangle.c(14752,24): warning C4477: 'fprintf' : format string '%4ld' requires an argument of type 'long', but variadic argument 1 has type '__int64'
C:\Users\myronovm\Documents\GitHub\sketch_laplacian\Commute_Fmap_basic_demo_for_sketches\triangle\triangle.c(14752,24): message : consider using '%lld' in the format string
C:\Users\myronovm\Documents\GitHub\sketch_laplacian\Commute_Fmap_basic_demo_for_sketches\triangle\triangle.c(14752,24): message : consider using '%Id' in the format string
C:\Users\myronovm\Documents\GitHub\sketch_laplacian\Commute_Fmap_basic_demo_for_sketches\triangle\triangle.c(14752,24): message : consider using '%I64d' in the format string
C:\Users\myronovm\Documents\GitHub\sketch_laplacian\Commute_Fmap_basic_demo_for_sketches\triangle\triangle.c(14760,24): warning C4477: 'fprintf' : format string '%4ld' requires an argument of type 'long', but variadic argument 1 has type '__int64'
C:\Users\myronovm\Documents\GitHub\sketch_laplacian\Commute_Fmap_basic_demo_for_sketches\triangle\triangle.c(14760,24): message : consider using '%lld' in the format string
C:\Users\myronovm\Documents\GitHub\sketch_laplacian\Commute_Fmap_basic_demo_for_sketches\triangle\triangle.c(14760,24): message : consider using '%Id' in the format string
C:\Users\myronovm\Documents\GitHub\sketch_laplacian\Commute_Fmap_basic_demo_for_sketches\triangle\triangle.c(14760,24): message : consider using '%I64d' in the format string
C:\Users\myronovm\Documents\GitHub\sketch_laplacian\Commute_Fmap_basic_demo_for_sketches\triangle\triangle.c(14702,13): warning C4996: 'fopen': This function or variable may be unsafe. Consider using fopen_s instead. To disable deprecation, use _CRT_SECURE_NO_WARNINGS. See online help for details.
C:\Users\myronovm\Documents\GitHub\sketch_laplacian\Commute_Fmap_basic_demo_for_sketches\triangle\triangle.c(14848,20): warning C4477: 'fprintf' : format string '%ld' requires an argument of type 'long', but variadic argument 1 has type '__int64'
C:\Users\myronovm\Documents\GitHub\sketch_laplacian\Commute_Fmap_basic_demo_for_sketches\triangle\triangle.c(14848,20): message : consider using '%lld' in the format string
C:\Users\myronovm\Documents\GitHub\sketch_laplacian\Commute_Fmap_basic_demo_for_sketches\triangle\triangle.c(14848,20): message : consider using '%Id' in the format string
C:\Users\myronovm\Documents\GitHub\sketch_laplacian\Commute_Fmap_basic_demo_for_sketches\triangle\triangle.c(14848,20): message : consider using '%I64d' in the format string
C:\Users\myronovm\Documents\GitHub\sketch_laplacian\Commute_Fmap_basic_demo_for_sketches\triangle\triangle.c(14874,28): warning C4477: 'fprintf' : format string '%4ld' requires an argument of type 'long', but variadic argument 1 has type '__int64'
C:\Users\myronovm\Documents\GitHub\sketch_laplacian\Commute_Fmap_basic_demo_for_sketches\triangle\triangle.c(14874,28): message : consider using '%lld' in the format string
C:\Users\myronovm\Documents\GitHub\sketch_laplacian\Commute_Fmap_basic_demo_for_sketches\triangle\triangle.c(14874,28): message : consider using '%Id' in the format string
C:\Users\myronovm\Documents\GitHub\sketch_laplacian\Commute_Fmap_basic_demo_for_sketches\triangle\triangle.c(14874,28): message : consider using '%I64d' in the format string
C:\Users\myronovm\Documents\GitHub\sketch_laplacian\Commute_Fmap_basic_demo_for_sketches\triangle\triangle.c(14886,32): warning C4477: 'fprintf' : format string '%4ld' requires an argument of type 'long', but variadic argument 1 has type '__int64'
C:\Users\myronovm\Documents\GitHub\sketch_laplacian\Commute_Fmap_basic_demo_for_sketches\triangle\triangle.c(14886,32): message : consider using '%lld' in the format string
C:\Users\myronovm\Documents\GitHub\sketch_laplacian\Commute_Fmap_basic_demo_for_sketches\triangle\triangle.c(14886,32): message : consider using '%Id' in the format string
C:\Users\myronovm\Documents\GitHub\sketch_laplacian\Commute_Fmap_basic_demo_for_sketches\triangle\triangle.c(14886,32): message : consider using '%I64d' in the format string
C:\Users\myronovm\Documents\GitHub\sketch_laplacian\Commute_Fmap_basic_demo_for_sketches\triangle\triangle.c(14893,32): warning C4477: 'fprintf' : format string '%4ld' requires an argument of type 'long', but variadic argument 1 has type '__int64'
C:\Users\myronovm\Documents\GitHub\sketch_laplacian\Commute_Fmap_basic_demo_for_sketches\triangle\triangle.c(14893,32): message : consider using '%lld' in the format string
C:\Users\myronovm\Documents\GitHub\sketch_laplacian\Commute_Fmap_basic_demo_for_sketches\triangle\triangle.c(14893,32): message : consider using '%Id' in the format string
C:\Users\myronovm\Documents\GitHub\sketch_laplacian\Commute_Fmap_basic_demo_for_sketches\triangle\triangle.c(14893,32): message : consider using '%I64d' in the format string
C:\Users\myronovm\Documents\GitHub\sketch_laplacian\Commute_Fmap_basic_demo_for_sketches\triangle\triangle.c(14901,30): warning C4477: 'fprintf' : format string '%4ld' requires an argument of type 'long', but variadic argument 1 has type '__int64'
C:\Users\myronovm\Documents\GitHub\sketch_laplacian\Commute_Fmap_basic_demo_for_sketches\triangle\triangle.c(14901,30): message : consider using '%lld' in the format string
C:\Users\myronovm\Documents\GitHub\sketch_laplacian\Commute_Fmap_basic_demo_for_sketches\triangle\triangle.c(14901,30): message : consider using '%Id' in the format string
C:\Users\myronovm\Documents\GitHub\sketch_laplacian\Commute_Fmap_basic_demo_for_sketches\triangle\triangle.c(14901,30): message : consider using '%I64d' in the format string
C:\Users\myronovm\Documents\GitHub\sketch_laplacian\Commute_Fmap_basic_demo_for_sketches\triangle\triangle.c(14842,13): warning C4996: 'fopen': This function or variable may be unsafe. Consider using fopen_s instead. To disable deprecation, use _CRT_SECURE_NO_WARNINGS. See online help for details.
C:\Users\myronovm\Documents\GitHub\sketch_laplacian\Commute_Fmap_basic_demo_for_sketches\triangle\triangle.c(15019,20): warning C4477: 'fprintf' : format string '%ld' requires an argument of type 'long', but variadic argument 1 has type '__int64'
C:\Users\myronovm\Documents\GitHub\sketch_laplacian\Commute_Fmap_basic_demo_for_sketches\triangle\triangle.c(15019,20): message : consider using '%lld' in the format string
C:\Users\myronovm\Documents\GitHub\sketch_laplacian\Commute_Fmap_basic_demo_for_sketches\triangle\triangle.c(15019,20): message : consider using '%Id' in the format string
C:\Users\myronovm\Documents\GitHub\sketch_laplacian\Commute_Fmap_basic_demo_for_sketches\triangle\triangle.c(15019,20): message : consider using '%I64d' in the format string
C:\Users\myronovm\Documents\GitHub\sketch_laplacian\Commute_Fmap_basic_demo_for_sketches\triangle\triangle.c(15042,22): warning C4477: 'fprintf' : format string '%4ld' requires an argument of type 'long', but variadic argument 1 has type '__int64'
C:\Users\myronovm\Documents\GitHub\sketch_laplacian\Commute_Fmap_basic_demo_for_sketches\triangle\triangle.c(15042,22): message : consider using '%lld' in the format string
C:\Users\myronovm\Documents\GitHub\sketch_laplacian\Commute_Fmap_basic_demo_for_sketches\triangle\triangle.c(15042,22): message : consider using '%Id' in the format string
C:\Users\myronovm\Documents\GitHub\sketch_laplacian\Commute_Fmap_basic_demo_for_sketches\triangle\triangle.c(15042,22): message : consider using '%I64d' in the format string
C:\Users\myronovm\Documents\GitHub\sketch_laplacian\Commute_Fmap_basic_demo_for_sketches\triangle\triangle.c(15087,20): warning C4477: 'fprintf' : format string '%ld' requires an argument of type 'long', but variadic argument 1 has type '__int64'
C:\Users\myronovm\Documents\GitHub\sketch_laplacian\Commute_Fmap_basic_demo_for_sketches\triangle\triangle.c(15087,20): message : consider using '%lld' in the format string
C:\Users\myronovm\Documents\GitHub\sketch_laplacian\Commute_Fmap_basic_demo_for_sketches\triangle\triangle.c(15087,20): message : consider using '%Id' in the format string
C:\Users\myronovm\Documents\GitHub\sketch_laplacian\Commute_Fmap_basic_demo_for_sketches\triangle\triangle.c(15087,20): message : consider using '%I64d' in the format string
C:\Users\myronovm\Documents\GitHub\sketch_laplacian\Commute_Fmap_basic_demo_for_sketches\triangle\triangle.c(15119,28): warning C4477: 'fprintf' : format string '%4ld' requires an argument of type 'long', but variadic argument 1 has type '__int64'
C:\Users\myronovm\Documents\GitHub\sketch_laplacian\Commute_Fmap_basic_demo_for_sketches\triangle\triangle.c(15119,28): message : consider using '%lld' in the format string
C:\Users\myronovm\Documents\GitHub\sketch_laplacian\Commute_Fmap_basic_demo_for_sketches\triangle\triangle.c(15119,28): message : consider using '%Id' in the format string
C:\Users\myronovm\Documents\GitHub\sketch_laplacian\Commute_Fmap_basic_demo_for_sketches\triangle\triangle.c(15119,28): message : consider using '%I64d' in the format string
C:\Users\myronovm\Documents\GitHub\sketch_laplacian\Commute_Fmap_basic_demo_for_sketches\triangle\triangle.c(15132,28): warning C4477: 'fprintf' : format string '%4ld' requires an argument of type 'long', but variadic argument 1 has type '__int64'
C:\Users\myronovm\Documents\GitHub\sketch_laplacian\Commute_Fmap_basic_demo_for_sketches\triangle\triangle.c(15132,28): message : consider using '%lld' in the format string
C:\Users\myronovm\Documents\GitHub\sketch_laplacian\Commute_Fmap_basic_demo_for_sketches\triangle\triangle.c(15132,28): message : consider using '%Id' in the format string
C:\Users\myronovm\Documents\GitHub\sketch_laplacian\Commute_Fmap_basic_demo_for_sketches\triangle\triangle.c(15132,28): message : consider using '%I64d' in the format string
C:\Users\myronovm\Documents\GitHub\sketch_laplacian\Commute_Fmap_basic_demo_for_sketches\triangle\triangle.c(15012,13): warning C4996: 'fopen': This function or variable may be unsafe. Consider using fopen_s instead. To disable deprecation, use _CRT_SECURE_NO_WARNINGS. See online help for details.
C:\Users\myronovm\Documents\GitHub\sketch_laplacian\Commute_Fmap_basic_demo_for_sketches\triangle\triangle.c(15081,13): warning C4996: 'fopen': This function or variable may be unsafe. Consider using fopen_s instead. To disable deprecation, use _CRT_SECURE_NO_WARNINGS. See online help for details.
C:\Users\myronovm\Documents\GitHub\sketch_laplacian\Commute_Fmap_basic_demo_for_sketches\triangle\triangle.c(15206,20): warning C4477: 'fprintf' : format string '%ld' requires an argument of type 'long', but variadic argument 1 has type '__int64'
C:\Users\myronovm\Documents\GitHub\sketch_laplacian\Commute_Fmap_basic_demo_for_sketches\triangle\triangle.c(15206,20): message : consider using '%lld' in the format string
C:\Users\myronovm\Documents\GitHub\sketch_laplacian\Commute_Fmap_basic_demo_for_sketches\triangle\triangle.c(15206,20): message : consider using '%Id' in the format string
C:\Users\myronovm\Documents\GitHub\sketch_laplacian\Commute_Fmap_basic_demo_for_sketches\triangle\triangle.c(15206,20): message : consider using '%I64d' in the format string
C:\Users\myronovm\Documents\GitHub\sketch_laplacian\Commute_Fmap_basic_demo_for_sketches\triangle\triangle.c(15239,22): warning C4477: 'fprintf' : format string '%4ld' requires an argument of type 'long', but variadic argument 1 has type '__int64'
C:\Users\myronovm\Documents\GitHub\sketch_laplacian\Commute_Fmap_basic_demo_for_sketches\triangle\triangle.c(15239,22): message : consider using '%lld' in the format string
C:\Users\myronovm\Documents\GitHub\sketch_laplacian\Commute_Fmap_basic_demo_for_sketches\triangle\triangle.c(15239,22): message : consider using '%Id' in the format string
C:\Users\myronovm\Documents\GitHub\sketch_laplacian\Commute_Fmap_basic_demo_for_sketches\triangle\triangle.c(15239,22): message : consider using '%I64d' in the format string
C:\Users\myronovm\Documents\GitHub\sketch_laplacian\Commute_Fmap_basic_demo_for_sketches\triangle\triangle.c(15200,13): warning C4996: 'fopen': This function or variable may be unsafe. Consider using fopen_s instead. To disable deprecation, use _CRT_SECURE_NO_WARNINGS. See online help for details.
C:\Users\myronovm\Documents\GitHub\sketch_laplacian\Commute_Fmap_basic_demo_for_sketches\triangle\triangle.c(15298,20): warning C4477: 'fprintf' : format string '%ld' requires an argument of type 'long', but variadic argument 1 has type '__int64'
C:\Users\myronovm\Documents\GitHub\sketch_laplacian\Commute_Fmap_basic_demo_for_sketches\triangle\triangle.c(15298,20): message : consider using '%lld' in the format string
C:\Users\myronovm\Documents\GitHub\sketch_laplacian\Commute_Fmap_basic_demo_for_sketches\triangle\triangle.c(15298,20): message : consider using '%Id' in the format string
C:\Users\myronovm\Documents\GitHub\sketch_laplacian\Commute_Fmap_basic_demo_for_sketches\triangle\triangle.c(15298,20): message : consider using '%I64d' in the format string
C:\Users\myronovm\Documents\GitHub\sketch_laplacian\Commute_Fmap_basic_demo_for_sketches\triangle\triangle.c(15298,20): warning C4477: 'fprintf' : format string '%ld' requires an argument of type 'long', but variadic argument 2 has type '__int64'
C:\Users\myronovm\Documents\GitHub\sketch_laplacian\Commute_Fmap_basic_demo_for_sketches\triangle\triangle.c(15298,20): message : consider using '%lld' in the format string
C:\Users\myronovm\Documents\GitHub\sketch_laplacian\Commute_Fmap_basic_demo_for_sketches\triangle\triangle.c(15298,20): message : consider using '%Id' in the format string
C:\Users\myronovm\Documents\GitHub\sketch_laplacian\Commute_Fmap_basic_demo_for_sketches\triangle\triangle.c(15298,20): message : consider using '%I64d' in the format string
C:\Users\myronovm\Documents\GitHub\sketch_laplacian\Commute_Fmap_basic_demo_for_sketches\triangle\triangle.c(15298,20): warning C4477: 'fprintf' : format string '%ld' requires an argument of type 'long', but variadic argument 3 has type '__int64'
C:\Users\myronovm\Documents\GitHub\sketch_laplacian\Commute_Fmap_basic_demo_for_sketches\triangle\triangle.c(15298,20): message : consider using '%lld' in the format string
C:\Users\myronovm\Documents\GitHub\sketch_laplacian\Commute_Fmap_basic_demo_for_sketches\triangle\triangle.c(15298,20): message : consider using '%Id' in the format string
C:\Users\myronovm\Documents\GitHub\sketch_laplacian\Commute_Fmap_basic_demo_for_sketches\triangle\triangle.c(15298,20): message : consider using '%I64d' in the format string
C:\Users\myronovm\Documents\GitHub\sketch_laplacian\Commute_Fmap_basic_demo_for_sketches\triangle\triangle.c(15292,13): warning C4996: 'fopen': This function or variable may be unsafe. Consider using fopen_s instead. To disable deprecation, use _CRT_SECURE_NO_WARNINGS. See online help for details.
C:\Users\myronovm\Documents\GitHub\sketch_laplacian\Commute_Fmap_basic_demo_for_sketches\triangle\triangle.c(15569,10): warning C4477: 'printf' : format string '%ld' requires an argument of type 'long', but variadic argument 1 has type '__int64'
C:\Users\myronovm\Documents\GitHub\sketch_laplacian\Commute_Fmap_basic_demo_for_sketches\triangle\triangle.c(15569,10): message : consider using '%lld' in the format string
C:\Users\myronovm\Documents\GitHub\sketch_laplacian\Commute_Fmap_basic_demo_for_sketches\triangle\triangle.c(15569,10): message : consider using '%Id' in the format string
C:\Users\myronovm\Documents\GitHub\sketch_laplacian\Commute_Fmap_basic_demo_for_sketches\triangle\triangle.c(15569,10): message : consider using '%I64d' in the format string
C:\Users\myronovm\Documents\GitHub\sketch_laplacian\Commute_Fmap_basic_demo_for_sketches\triangle\triangle.c(15570,10): warning C4477: 'printf' : format string '%ld' requires an argument of type 'long', but variadic argument 1 has type '__int64'
C:\Users\myronovm\Documents\GitHub\sketch_laplacian\Commute_Fmap_basic_demo_for_sketches\triangle\triangle.c(15570,10): message : consider using '%lld' in the format string
C:\Users\myronovm\Documents\GitHub\sketch_laplacian\Commute_Fmap_basic_demo_for_sketches\triangle\triangle.c(15570,10): message : consider using '%Id' in the format string
C:\Users\myronovm\Documents\GitHub\sketch_laplacian\Commute_Fmap_basic_demo_for_sketches\triangle\triangle.c(15570,10): message : consider using '%I64d' in the format string
C:\Users\myronovm\Documents\GitHub\sketch_laplacian\Commute_Fmap_basic_demo_for_sketches\triangle\triangle.c(15571,10): warning C4477: 'printf' : format string '%ld' requires an argument of type 'long', but variadic argument 1 has type '__int64'
C:\Users\myronovm\Documents\GitHub\sketch_laplacian\Commute_Fmap_basic_demo_for_sketches\triangle\triangle.c(15571,10): message : consider using '%lld' in the format string
C:\Users\myronovm\Documents\GitHub\sketch_laplacian\Commute_Fmap_basic_demo_for_sketches\triangle\triangle.c(15571,10): message : consider using '%Id' in the format string
C:\Users\myronovm\Documents\GitHub\sketch_laplacian\Commute_Fmap_basic_demo_for_sketches\triangle\triangle.c(15571,10): message : consider using '%I64d' in the format string
C:\Users\myronovm\Documents\GitHub\sketch_laplacian\Commute_Fmap_basic_demo_for_sketches\triangle\triangle.c(15572,10): warning C4477: 'printf' : format string '%ld' requires an argument of type 'long', but variadic argument 1 has type '__int64'
C:\Users\myronovm\Documents\GitHub\sketch_laplacian\Commute_Fmap_basic_demo_for_sketches\triangle\triangle.c(15572,10): message : consider using '%lld' in the format string
C:\Users\myronovm\Documents\GitHub\sketch_laplacian\Commute_Fmap_basic_demo_for_sketches\triangle\triangle.c(15572,10): message : consider using '%Id' in the format string
C:\Users\myronovm\Documents\GitHub\sketch_laplacian\Commute_Fmap_basic_demo_for_sketches\triangle\triangle.c(15572,10): message : consider using '%I64d' in the format string
C:\Users\myronovm\Documents\GitHub\sketch_laplacian\Commute_Fmap_basic_demo_for_sketches\triangle\triangle.c(15574,12): warning C4477: 'printf' : format string '%ld' requires an argument of type 'long', but variadic argument 1 has type '__int64'
C:\Users\myronovm\Documents\GitHub\sketch_laplacian\Commute_Fmap_basic_demo_for_sketches\triangle\triangle.c(15574,12): message : consider using '%lld' in the format string
C:\Users\myronovm\Documents\GitHub\sketch_laplacian\Commute_Fmap_basic_demo_for_sketches\triangle\triangle.c(15574,12): message : consider using '%Id' in the format string
C:\Users\myronovm\Documents\GitHub\sketch_laplacian\Commute_Fmap_basic_demo_for_sketches\triangle\triangle.c(15574,12): message : consider using '%I64d' in the format string
C:\Users\myronovm\Documents\GitHub\sketch_laplacian\Commute_Fmap_basic_demo_for_sketches\triangle\triangle.c(15576,12): warning C4477: 'printf' : format string '%ld' requires an argument of type 'long', but variadic argument 1 has type '__int64'
C:\Users\myronovm\Documents\GitHub\sketch_laplacian\Commute_Fmap_basic_demo_for_sketches\triangle\triangle.c(15576,12): message : consider using '%lld' in the format string
C:\Users\myronovm\Documents\GitHub\sketch_laplacian\Commute_Fmap_basic_demo_for_sketches\triangle\triangle.c(15576,12): message : consider using '%Id' in the format string
C:\Users\myronovm\Documents\GitHub\sketch_laplacian\Commute_Fmap_basic_demo_for_sketches\triangle\triangle.c(15576,12): message : consider using '%I64d' in the format string
C:\Users\myronovm\Documents\GitHub\sketch_laplacian\Commute_Fmap_basic_demo_for_sketches\triangle\triangle.c(15584,12): warning C4477: 'printf' : format string '%ld' requires an argument of type 'long', but variadic argument 1 has type '__int64'
C:\Users\myronovm\Documents\GitHub\sketch_laplacian\Commute_Fmap_basic_demo_for_sketches\triangle\triangle.c(15584,12): message : consider using '%lld' in the format string
C:\Users\myronovm\Documents\GitHub\sketch_laplacian\Commute_Fmap_basic_demo_for_sketches\triangle\triangle.c(15584,12): message : consider using '%Id' in the format string
C:\Users\myronovm\Documents\GitHub\sketch_laplacian\Commute_Fmap_basic_demo_for_sketches\triangle\triangle.c(15584,12): message : consider using '%I64d' in the format string
C:\Users\myronovm\Documents\GitHub\sketch_laplacian\Commute_Fmap_basic_demo_for_sketches\triangle\triangle.c(15585,12): warning C4477: 'printf' : format string '%ld' requires an argument of type 'long', but variadic argument 1 has type '__int64'
C:\Users\myronovm\Documents\GitHub\sketch_laplacian\Commute_Fmap_basic_demo_for_sketches\triangle\triangle.c(15585,12): message : consider using '%lld' in the format string
C:\Users\myronovm\Documents\GitHub\sketch_laplacian\Commute_Fmap_basic_demo_for_sketches\triangle\triangle.c(15585,12): message : consider using '%Id' in the format string
C:\Users\myronovm\Documents\GitHub\sketch_laplacian\Commute_Fmap_basic_demo_for_sketches\triangle\triangle.c(15585,12): message : consider using '%I64d' in the format string
C:\Users\myronovm\Documents\GitHub\sketch_laplacian\Commute_Fmap_basic_demo_for_sketches\triangle\triangle.c(15587,14): warning C4477: 'printf' : format string '%ld' requires an argument of type 'long', but variadic argument 1 has type '__int64'
C:\Users\myronovm\Documents\GitHub\sketch_laplacian\Commute_Fmap_basic_demo_for_sketches\triangle\triangle.c(15587,14): message : consider using '%lld' in the format string
C:\Users\myronovm\Documents\GitHub\sketch_laplacian\Commute_Fmap_basic_demo_for_sketches\triangle\triangle.c(15587,14): message : consider using '%Id' in the format string
C:\Users\myronovm\Documents\GitHub\sketch_laplacian\Commute_Fmap_basic_demo_for_sketches\triangle\triangle.c(15587,14): message : consider using '%I64d' in the format string
C:\Users\myronovm\Documents\GitHub\sketch_laplacian\Commute_Fmap_basic_demo_for_sketches\triangle\triangle.c(15590,14): warning C4477: 'printf' : format string '%ld' requires an argument of type 'long', but variadic argument 1 has type '__int64'
C:\Users\myronovm\Documents\GitHub\sketch_laplacian\Commute_Fmap_basic_demo_for_sketches\triangle\triangle.c(15590,14): message : consider using '%lld' in the format string
C:\Users\myronovm\Documents\GitHub\sketch_laplacian\Commute_Fmap_basic_demo_for_sketches\triangle\triangle.c(15590,14): message : consider using '%Id' in the format string
C:\Users\myronovm\Documents\GitHub\sketch_laplacian\Commute_Fmap_basic_demo_for_sketches\triangle\triangle.c(15590,14): message : consider using '%I64d' in the format string
C:\Users\myronovm\Documents\GitHub\sketch_laplacian\Commute_Fmap_basic_demo_for_sketches\triangle\triangle.c(15593,14): warning C4477: 'printf' : format string '%ld' requires an argument of type 'long', but variadic argument 1 has type '__int64'
C:\Users\myronovm\Documents\GitHub\sketch_laplacian\Commute_Fmap_basic_demo_for_sketches\triangle\triangle.c(15593,14): message : consider using '%lld' in the format string
C:\Users\myronovm\Documents\GitHub\sketch_laplacian\Commute_Fmap_basic_demo_for_sketches\triangle\triangle.c(15593,14): message : consider using '%Id' in the format string
C:\Users\myronovm\Documents\GitHub\sketch_laplacian\Commute_Fmap_basic_demo_for_sketches\triangle\triangle.c(15593,14): message : consider using '%I64d' in the format string
C:\Users\myronovm\Documents\GitHub\sketch_laplacian\Commute_Fmap_basic_demo_for_sketches\triangle\triangle.c(15597,14): warning C4477: 'printf' : format string '%ld' requires an argument of type 'long', but variadic argument 1 has type '__int64'
C:\Users\myronovm\Documents\GitHub\sketch_laplacian\Commute_Fmap_basic_demo_for_sketches\triangle\triangle.c(15597,14): message : consider using '%lld' in the format string
C:\Users\myronovm\Documents\GitHub\sketch_laplacian\Commute_Fmap_basic_demo_for_sketches\triangle\triangle.c(15597,14): message : consider using '%Id' in the format string
C:\Users\myronovm\Documents\GitHub\sketch_laplacian\Commute_Fmap_basic_demo_for_sketches\triangle\triangle.c(15597,14): message : consider using '%I64d' in the format string
C:\Users\myronovm\Documents\GitHub\sketch_laplacian\Commute_Fmap_basic_demo_for_sketches\triangle\triangle.c(15601,14): warning C4477: 'printf' : format string '%ld' requires an argument of type 'long', but variadic argument 1 has type '__int64'
C:\Users\myronovm\Documents\GitHub\sketch_laplacian\Commute_Fmap_basic_demo_for_sketches\triangle\triangle.c(15601,14): message : consider using '%lld' in the format string
C:\Users\myronovm\Documents\GitHub\sketch_laplacian\Commute_Fmap_basic_demo_for_sketches\triangle\triangle.c(15601,14): message : consider using '%Id' in the format string
C:\Users\myronovm\Documents\GitHub\sketch_laplacian\Commute_Fmap_basic_demo_for_sketches\triangle\triangle.c(15601,14): message : consider using '%I64d' in the format string
C:\Users\myronovm\Documents\GitHub\sketch_laplacian\Commute_Fmap_basic_demo_for_sketches\triangle\triangle.c(15605,14): warning C4477: 'printf' : format string '%ld' requires an argument of type 'long', but variadic argument 1 has type '__int64'
C:\Users\myronovm\Documents\GitHub\sketch_laplacian\Commute_Fmap_basic_demo_for_sketches\triangle\triangle.c(15605,14): message : consider using '%lld' in the format string
C:\Users\myronovm\Documents\GitHub\sketch_laplacian\Commute_Fmap_basic_demo_for_sketches\triangle\triangle.c(15605,14): message : consider using '%Id' in the format string
C:\Users\myronovm\Documents\GitHub\sketch_laplacian\Commute_Fmap_basic_demo_for_sketches\triangle\triangle.c(15605,14): message : consider using '%I64d' in the format string
C:\Users\myronovm\Documents\GitHub\sketch_laplacian\Commute_Fmap_basic_demo_for_sketches\triangle\triangle.c(15608,12): warning C4477: 'printf' : format string '%ld' requires an argument of type 'long', but variadic argument 1 has type '__int64'
C:\Users\myronovm\Documents\GitHub\sketch_laplacian\Commute_Fmap_basic_demo_for_sketches\triangle\triangle.c(15608,12): message : consider using '%lld' in the format string
C:\Users\myronovm\Documents\GitHub\sketch_laplacian\Commute_Fmap_basic_demo_for_sketches\triangle\triangle.c(15608,12): message : consider using '%Id' in the format string
C:\Users\myronovm\Documents\GitHub\sketch_laplacian\Commute_Fmap_basic_demo_for_sketches\triangle\triangle.c(15608,12): message : consider using '%I64d' in the format string
C:\Users\myronovm\Documents\GitHub\sketch_laplacian\Commute_Fmap_basic_demo_for_sketches\triangle\triangle.c(15620,14): warning C4477: 'printf' : format string '%ld' requires an argument of type 'long', but variadic argument 1 has type '__int64'
C:\Users\myronovm\Documents\GitHub\sketch_laplacian\Commute_Fmap_basic_demo_for_sketches\triangle\triangle.c(15620,14): message : consider using '%lld' in the format string
C:\Users\myronovm\Documents\GitHub\sketch_laplacian\Commute_Fmap_basic_demo_for_sketches\triangle\triangle.c(15620,14): message : consider using '%Id' in the format string
C:\Users\myronovm\Documents\GitHub\sketch_laplacian\Commute_Fmap_basic_demo_for_sketches\triangle\triangle.c(15620,14): message : consider using '%I64d' in the format string
C:\Users\myronovm\Documents\GitHub\sketch_laplacian\Commute_Fmap_basic_demo_for_sketches\triangle\triangle.c(15622,14): warning C4477: 'printf' : format string '%ld' requires an argument of type 'long', but variadic argument 1 has type '__int64'
C:\Users\myronovm\Documents\GitHub\sketch_laplacian\Commute_Fmap_basic_demo_for_sketches\triangle\triangle.c(15622,14): message : consider using '%lld' in the format string
C:\Users\myronovm\Documents\GitHub\sketch_laplacian\Commute_Fmap_basic_demo_for_sketches\triangle\triangle.c(15622,14): message : consider using '%Id' in the format string
C:\Users\myronovm\Documents\GitHub\sketch_laplacian\Commute_Fmap_basic_demo_for_sketches\triangle\triangle.c(15622,14): message : consider using '%I64d' in the format string
C:\Users\myronovm\Documents\GitHub\sketch_laplacian\Commute_Fmap_basic_demo_for_sketches\triangle\triangle.c(15624,12): warning C4477: 'printf' : format string '%ld' requires an argument of type 'long', but variadic argument 1 has type '__int64'
C:\Users\myronovm\Documents\GitHub\sketch_laplacian\Commute_Fmap_basic_demo_for_sketches\triangle\triangle.c(15624,12): message : consider using '%lld' in the format string
C:\Users\myronovm\Documents\GitHub\sketch_laplacian\Commute_Fmap_basic_demo_for_sketches\triangle\triangle.c(15624,12): message : consider using '%Id' in the format string
C:\Users\myronovm\Documents\GitHub\sketch_laplacian\Commute_Fmap_basic_demo_for_sketches\triangle\triangle.c(15624,12): message : consider using '%I64d' in the format string
C:\Users\myronovm\Documents\GitHub\sketch_laplacian\Commute_Fmap_basic_demo_for_sketches\triangle\triangle.c(15626,14): warning C4477: 'printf' : format string '%ld' requires an argument of type 'long', but variadic argument 1 has type '__int64'
C:\Users\myronovm\Documents\GitHub\sketch_laplacian\Commute_Fmap_basic_demo_for_sketches\triangle\triangle.c(15626,14): message : consider using '%lld' in the format string
C:\Users\myronovm\Documents\GitHub\sketch_laplacian\Commute_Fmap_basic_demo_for_sketches\triangle\triangle.c(15626,14): message : consider using '%Id' in the format string
C:\Users\myronovm\Documents\GitHub\sketch_laplacian\Commute_Fmap_basic_demo_for_sketches\triangle\triangle.c(15626,14): message : consider using '%I64d' in the format string
C:\Users\myronovm\Documents\GitHub\sketch_laplacian\Commute_Fmap_basic_demo_for_sketches\triangle\triangle.c(15630,14): warning C4477: 'printf' : format string '%ld' requires an argument of type 'long', but variadic argument 1 has type '__int64'
C:\Users\myronovm\Documents\GitHub\sketch_laplacian\Commute_Fmap_basic_demo_for_sketches\triangle\triangle.c(15630,14): message : consider using '%lld' in the format string
C:\Users\myronovm\Documents\GitHub\sketch_laplacian\Commute_Fmap_basic_demo_for_sketches\triangle\triangle.c(15630,14): message : consider using '%Id' in the format string
C:\Users\myronovm\Documents\GitHub\sketch_laplacian\Commute_Fmap_basic_demo_for_sketches\triangle\triangle.c(15630,14): message : consider using '%I64d' in the format string
C:\Users\myronovm\Documents\GitHub\sketch_laplacian\Commute_Fmap_basic_demo_for_sketches\triangle\triangle.c(15634,14): warning C4477: 'printf' : format string '%ld' requires an argument of type 'long', but variadic argument 1 has type '__int64'
C:\Users\myronovm\Documents\GitHub\sketch_laplacian\Commute_Fmap_basic_demo_for_sketches\triangle\triangle.c(15634,14): message : consider using '%lld' in the format string
C:\Users\myronovm\Documents\GitHub\sketch_laplacian\Commute_Fmap_basic_demo_for_sketches\triangle\triangle.c(15634,14): message : consider using '%Id' in the format string
C:\Users\myronovm\Documents\GitHub\sketch_laplacian\Commute_Fmap_basic_demo_for_sketches\triangle\triangle.c(15634,14): message : consider using '%I64d' in the format string
  Triangle.vcxproj -> C:\Users\myronovm\Documents\GitHub\sketch_laplacian\Commute_Fmap_basic_demo_for_sketches\triangle\Triangle\x64\Debug\Triangle.exe
